日志 @当前时间：2019/8/21 11:41:29
读入地图：Data\Maps\ARCHIPELAGO.xml
读入地图：Data\Maps\CLASSIC.xml
读入地图：Data\Maps\IMMIGRATION.xml
读入地图：Data\Maps\TEST MAP.xml
读入地图：Data\Maps\THE DEVINED COMEDY.xml
读入地图：Data\Maps\TREASURE LAND.xml
读入地图：Data\Maps\UNIVERSE.xml
读入地图：Data\Maps\VIRGIN LAND.xml
创建操作 创建游戏：转到CMUI #0
执行操作 创建游戏：转到CMUI #0
新建游戏，模式：1v1
收到连接请求：192.168.8.169:52115
接收信息 :accept 
接收信息 (192.168.8.169:52115):hello 聪明的傻子
新的连接：聪明的傻子 @192.168.8.169:52115
接收信息 :mode 1v1
接收信息 :room 2 玩家 聪明的傻子 等待中
玩家
等待中
创建操作 RoomData-更新RUI数据 #1
执行操作 RoomData-更新RUI数据 #1
接收信息 (192.168.8.169:52115):switch_seat 1
接收信息 :room 2 玩家 聪明的傻子 AI
玩家
AI
创建操作 RoomData-更新RUI数据 #2
执行操作 RoomData-更新RUI数据 #2
接收信息 (192.168.8.169:52115):start_game 
开始进行规则装载
掷骰子 规则装载完毕
玩家空闲时间点 规则装载完毕
阶段切换 规则装载完毕
移动位置 规则装载完毕
行走 规则装载完毕
时机到来：游戏开始时
时机结束：游戏开始时
开始结算 回合开始时结算
时机到来：回合开始时开始前
时机结束：回合开始时开始前
时机到来：回合开始时开始时
时机结束：回合开始时开始时
时机到来：回合开始时
时机结束：回合开始时
时机到来：回合开始时结束时
时机结束：回合开始时结束时
时机到来：回合开始时结束后
时机结束：回合开始时结束后
时机到来：回合开始时的下一个时期
接收信息 :start_game CLASSIC
开始结算 于[回合开始时的下一个时期]触发[回合开始时结束，进入下一阶段]
创建操作 StartGame[Client]-初始化地图切换到MUI #3
开始结算 准备阶段结算
时机到来：准备阶段开始前
时机结束：准备阶段开始前
时机到来：准备阶段开始时
时机结束：准备阶段开始时
时机到来：准备阶段
时机结束：准备阶段
时机到来：准备阶段结束时
时机结束：准备阶段结束时
时机到来：准备阶段结束后
时机结束：准备阶段结束后
时机到来：准备阶段的下一个时期
开始结算 于[准备阶段的下一个时期]触发[准备阶段结束，进入下一阶段]
开始结算 判定阶段结算
时机到来：判定阶段开始前
时机结束：判定阶段开始前
时机到来：判定阶段开始时
时机结束：判定阶段开始时
时机到来：判定阶段
时机结束：判定阶段
时机到来：判定阶段结束时
时机结束：判定阶段结束时
时机到来：判定阶段结束后
时机结束：判定阶段结束后
时机到来：判定阶段的下一个时期
开始结算 于[判定阶段的下一个时期]触发[判定阶段结束，进入下一阶段]
开始结算 第一个空闲时间点结算
时机到来：第一个空闲时间点开始前
时机结束：第一个空闲时间点开始前
时机到来：第一个空闲时间点开始时
时机结束：第一个空闲时间点开始时
时机到来：第一个空闲时间点
执行操作 StartGame[Client]-初始化地图切换到MUI #3
开始结算 于[第一个空闲时间点]触发[玩家的空闲时间点]
创建标签：
接收信息 :start_turn 0
创建操作 开始跟踪 #4
执行操作 开始跟踪 #4
